04/04/2020 03:57:27 PM DEBUG Parsing documents.
04/04/2020 03:57:27 PM DEBUG Created document: Form ID - 996511, Contract Number - <Element 'v_vertragsnummer' at 0x10fe33900>
04/04/2020 03:57:27 PM DEBUG Created document: Form ID - 996511, Contract Number - <Element 'v_vertragsnummer' at 0x10fe2ef90>
04/04/2020 03:57:27 PM DEBUG formular
04/04/2020 03:57:27 PM DEBUG -abschlagsformular
04/04/2020 03:57:27 PM DEBUG --start
04/04/2020 03:57:27 PM DEBUG ---erstellung_start_datum
04/04/2020 03:57:27 PM DEBUG ---erstellung_start_uhr
04/04/2020 03:57:27 PM DEBUG ---aufruf_von
04/04/2020 03:57:27 PM DEBUG ---name_des_reports
04/04/2020 03:57:27 PM DEBUG ---name_des_datenstroms
04/04/2020 03:57:27 PM DEBUG ---name_variante_des_datenstroms
04/04/2020 03:57:27 PM DEBUG ---name_nutzer
04/04/2020 03:57:27 PM DEBUG ---name_terminal
04/04/2020 03:57:27 PM DEBUG ---name_schema
04/04/2020 03:57:27 PM DEBUG ---para_pk
04/04/2020 03:57:27 PM DEBUG ---name_datenbank
04/04/2020 03:57:27 PM DEBUG ---name_xml_kommentar
04/04/2020 03:57:27 PM DEBUG ---name_freigabe_zum_loeschen
04/04/2020 03:57:27 PM DEBUG ---transaktionsnummer
04/04/2020 03:57:27 PM DEBUG ---dms_path
04/04/2020 03:57:27 PM DEBUG ---testdruck_jn
04/04/2020 03:57:27 PM DEBUG --block_abschlag
04/04/2020 03:57:27 PM DEBUG ---objectinfo
04/04/2020 03:57:27 PM DEBUG ---vertrag
04/04/2020 03:57:27 PM DEBUG ----objectinfo
04/04/2020 03:57:27 PM DEBUG ----v_medium_sortierfolgenummer
04/04/2020 03:57:27 PM DEBUG ----v_medium_bezeichnung
04/04/2020 03:57:27 PM DEBUG ----v_medium_kurzbezeichnung
04/04/2020 03:57:27 PM DEBUG ----v_medium_druckbezeichnung
04/04/2020 03:57:27 PM DEBUG ----v_medium_mengeneinheit
04/04/2020 03:57:27 PM DEBUG ----v_abrechnung_von
04/04/2020 03:57:27 PM DEBUG ----v_abrechnung_bis
04/04/2020 03:57:27 PM DEBUG ----v_tarif_bezeichnung
04/04/2020 03:57:27 PM DEBUG ----v_tarif_kurzbezeichnung
04/04/2020 03:57:27 PM DEBUG ----v_tarif_bezeichnung_druck
04/04/2020 03:57:27 PM DEBUG ----v_tarif_bezeichnung_lang
04/04/2020 03:57:27 PM DEBUG ----v_tarif_all_inclusive_tarif
04/04/2020 03:57:27 PM DEBUG ----v_tarif_grundversorgungstarif
04/04/2020 03:57:27 PM DEBUG ----v_tarif_ersatzversorgungstarif
04/04/2020 03:57:27 PM DEBUG ----v_vertragsnummer
04/04/2020 03:57:27 PM DEBUG ----v_vertragsdatum
04/04/2020 03:57:27 PM DEBUG ----v_abrechnung_id
04/04/2020 03:57:27 PM DEBUG ----v_verbrauchsart
04/04/2020 03:57:27 PM DEBUG ----v_mehrwertsteuer_prozent
04/04/2020 03:57:27 PM DEBUG ----v_tarif_gebuehren_pro_tag
04/04/2020 03:57:27 PM DEBUG ----v_abrechnungsart_kurz
04/04/2020 03:57:27 PM DEBUG ----v_abrechnungsart_lang
04/04/2020 03:57:27 PM DEBUG ----v_erste_von_medium_tarif
04/04/2020 03:57:27 PM DEBUG ----v_ind_abschlag_betrag
04/04/2020 03:57:27 PM DEBUG ----v_ind_abschlag_gilt_bis
04/04/2020 03:57:27 PM DEBUG ----v_ind_abschlag_toleranz_proz
04/04/2020 03:57:27 PM DEBUG ----v_lfd_nr
04/04/2020 03:57:27 PM DEBUG ----v_lief_vertragsnummer
04/04/2020 03:57:27 PM DEBUG ----v_lief_vertragsnummer_1
04/04/2020 03:57:27 PM DEBUG ----v_lief_vertrag_bezeichnung
04/04/2020 03:57:27 PM DEBUG ----v_vertragsart
04/04/2020 03:57:27 PM DEBUG ----v_energieart
04/04/2020 03:57:27 PM DEBUG ----v_lief_gueltig_vom
04/04/2020 03:57:27 PM DEBUG ----v_lief_gueltig_bis
04/04/2020 03:57:27 PM DEBUG ----v_lief_zeitraum_tage
04/04/2020 03:57:27 PM DEBUG ----v_kuendigungsfrist
04/04/2020 03:57:27 PM DEBUG ----v_k_frist_zeiteinheit
04/04/2020 03:57:27 PM DEBUG ----v_abre_startguthaben
04/04/2020 03:57:27 PM DEBUG ----v_abre_datum_startguthaben
04/04/2020 03:57:27 PM DEBUG ----v_abre_datum_startguth_endrech
04/04/2020 03:57:27 PM DEBUG ----v_abre_freimenge
04/04/2020 03:57:27 PM DEBUG ----v_abre_einm_freimenge
04/04/2020 03:57:27 PM DEBUG ----v_abre_datum_einm_freimenge
04/04/2020 03:57:27 PM DEBUG ----v_abre_zpkt_pk
04/04/2020 03:57:27 PM DEBUG ----v_abre_zpkt_nummer
04/04/2020 03:57:27 PM DEBUG ----v_vtr_naechster_kuendigungstermin
04/04/2020 03:57:27 PM DEBUG ----v_must_lfd_nr
04/04/2020 03:57:27 PM DEBUG ----v_must_bezeichnung
04/04/2020 03:57:27 PM DEBUG ----v_jahrespauschale_von
04/04/2020 03:57:27 PM DEBUG ----v_jahrespauschale_bis
04/04/2020 03:57:27 PM DEBUG ----v_jahrespauschale
04/04/2020 03:57:27 PM DEBUG ----block_vbrst_parameter
04/04/2020 03:57:27 PM DEBUG -----objectinfo
04/04/2020 03:57:27 PM DEBUG ----preiszusammenstellung
04/04/2020 03:57:27 PM DEBUG -----objectinfo
04/04/2020 03:57:27 PM DEBUG -----v_tarifzusamst_formularbez
04/04/2020 03:57:27 PM DEBUG -----v_tarifzusamst_kurzbezeichnung
04/04/2020 03:57:27 PM DEBUG -----v_preiszusamst_bezeichnung
04/04/2020 03:57:27 PM DEBUG -----v_preiszusamst_kurzbezeichnung
04/04/2020 03:57:27 PM DEBUG -----v_preiszusamst_formularbez
04/04/2020 03:57:27 PM DEBUG -----v_preiszusamst_ap_als_gesamtpreis
04/04/2020 03:57:27 PM DEBUG -----v_przusamst_bezeichnung
04/04/2020 03:57:27 PM DEBUG -----v_przusamst_kurzbezeichnung
04/04/2020 03:57:27 PM DEBUG -----v_przusamst_kommentar
04/04/2020 03:57:27 PM DEBUG -----v_bestpreis_kombination
04/04/2020 03:57:27 PM DEBUG -----v_przusamst_art_kennzeichen
04/04/2020 03:57:27 PM DEBUG -----v_przusamst_art
04/04/2020 03:57:27 PM DEBUG -----v_przusamst_benutzungsdauergrenze
04/04/2020 03:57:27 PM DEBUG -----v_przusamst_nn_kategorie
04/04/2020 03:57:27 PM DEBUG -----v_przusamst_ka_enthalten_j_n
04/04/2020 03:57:27 PM DEBUG -----block_arbeitspreis
04/04/2020 03:57:27 PM DEBUG ------objectinfo
04/04/2020 03:57:27 PM DEBUG ------v_ap_bezeichnung
04/04/2020 03:57:27 PM DEBUG ------v_ap_kurzbezeichnung
04/04/2020 03:57:27 PM DEBUG ------v_ap_bezeichnung_lang
04/04/2020 03:57:27 PM DEBUG ------v_ap_bezeichnung_druck
04/04/2020 03:57:27 PM DEBUG ------v_ap_von
04/04/2020 03:57:27 PM DEBUG ------v_ap_bis
04/04/2020 03:57:27 PM DEBUG ------v_ap_preis
04/04/2020 03:57:27 PM DEBUG ------v_ap_staffel
04/04/2020 03:57:27 PM DEBUG ------v_ap_zonung
04/04/2020 03:57:27 PM DEBUG ------v_sap_preis
04/04/2020 03:57:27 PM DEBUG ------v_sap_ab
04/04/2020 03:57:27 PM DEBUG ------v_sap_bis
04/04/2020 03:57:27 PM DEBUG ------v_spa_bezeichnung
04/04/2020 03:57:27 PM DEBUG ------v_zap_preis
04/04/2020 03:57:27 PM DEBUG ------v_zap_ab
04/04/2020 03:57:27 PM DEBUG ------v_zap_bis
04/04/2020 03:57:27 PM DEBUG ------v_zap_bezeichnung
04/04/2020 03:57:27 PM DEBUG ------v_ap_preisart
04/04/2020 03:57:27 PM DEBUG ------v_ap_preisart_steuer_j_n
04/04/2020 03:57:27 PM DEBUG ------v_ap_preisart_kategorie
04/04/2020 03:57:27 PM DEBUG ------v_ap_preisart_gruppierungsart
04/04/2020 03:57:27 PM DEBUG ------v_ap_pa_bez
04/04/2020 03:57:27 PM DEBUG ------v_ap_ztkp_bez_lt_vertr
04/04/2020 03:57:27 PM DEBUG -----block_arbeitspreis
04/04/2020 03:57:27 PM DEBUG ------objectinfo
04/04/2020 03:57:27 PM DEBUG ------v_ap_bezeichnung
04/04/2020 03:57:27 PM DEBUG ------v_ap_kurzbezeichnung
04/04/2020 03:57:27 PM DEBUG ------v_ap_bezeichnung_lang
04/04/2020 03:57:27 PM DEBUG ------v_ap_bezeichnung_druck
04/04/2020 03:57:27 PM DEBUG ------v_ap_von
04/04/2020 03:57:27 PM DEBUG ------v_ap_bis
04/04/2020 03:57:27 PM DEBUG ------v_ap_preis
04/04/2020 03:57:27 PM DEBUG ------v_ap_staffel
04/04/2020 03:57:27 PM DEBUG ------v_ap_zonung
04/04/2020 03:57:27 PM DEBUG ------v_sap_preis
04/04/2020 03:57:27 PM DEBUG ------v_sap_ab
04/04/2020 03:57:27 PM DEBUG ------v_sap_bis
04/04/2020 03:57:27 PM DEBUG ------v_spa_bezeichnung
04/04/2020 03:57:27 PM DEBUG ------v_zap_preis
04/04/2020 03:57:27 PM DEBUG ------v_zap_ab
04/04/2020 03:57:27 PM DEBUG ------v_zap_bis
04/04/2020 03:57:27 PM DEBUG ------v_zap_bezeichnung
04/04/2020 03:57:27 PM DEBUG ------v_ap_preisart
04/04/2020 03:57:27 PM DEBUG ------v_ap_preisart_steuer_j_n
04/04/2020 03:57:27 PM DEBUG ------v_ap_preisart_kategorie
04/04/2020 03:57:27 PM DEBUG ------v_ap_preisart_gruppierungsart
04/04/2020 03:57:27 PM DEBUG ------v_ap_pa_bez
04/04/2020 03:57:27 PM DEBUG ------v_ap_ztkp_bez_lt_vertr
04/04/2020 03:57:27 PM DEBUG -----block_arbeitspreis
04/04/2020 03:57:27 PM DEBUG ------objectinfo
04/04/2020 03:57:27 PM DEBUG ------v_ap_bezeichnung
04/04/2020 03:57:27 PM DEBUG ------v_ap_kurzbezeichnung
04/04/2020 03:57:27 PM DEBUG ------v_ap_bezeichnung_lang
04/04/2020 03:57:27 PM DEBUG ------v_ap_bezeichnung_druck
04/04/2020 03:57:27 PM DEBUG ------v_ap_von
04/04/2020 03:57:27 PM DEBUG ------v_ap_bis
04/04/2020 03:57:27 PM DEBUG ------v_ap_preis
04/04/2020 03:57:27 PM DEBUG ------v_ap_staffel
04/04/2020 03:57:27 PM DEBUG ------v_ap_zonung
04/04/2020 03:57:27 PM DEBUG ------v_sap_preis
04/04/2020 03:57:27 PM DEBUG ------v_sap_ab
04/04/2020 03:57:27 PM DEBUG ------v_sap_bis
04/04/2020 03:57:27 PM DEBUG ------v_spa_bezeichnung
04/04/2020 03:57:27 PM DEBUG ------v_zap_preis
04/04/2020 03:57:27 PM DEBUG ------v_zap_ab
04/04/2020 03:57:27 PM DEBUG ------v_zap_bis
04/04/2020 03:57:27 PM DEBUG ------v_zap_bezeichnung
04/04/2020 03:57:27 PM DEBUG ------v_ap_preisart
04/04/2020 03:57:27 PM DEBUG ------v_ap_preisart_steuer_j_n
04/04/2020 03:57:27 PM DEBUG ------v_ap_preisart_kategorie
04/04/2020 03:57:27 PM DEBUG ------v_ap_preisart_gruppierungsart
04/04/2020 03:57:27 PM DEBUG ------v_ap_pa_bez
04/04/2020 03:57:27 PM DEBUG ------v_ap_ztkp_bez_lt_vertr
04/04/2020 03:57:27 PM DEBUG -----block_arbeitspreis
04/04/2020 03:57:27 PM DEBUG ------objectinfo
04/04/2020 03:57:27 PM DEBUG ------v_ap_bezeichnung
04/04/2020 03:57:27 PM DEBUG ------v_ap_kurzbezeichnung
04/04/2020 03:57:27 PM DEBUG ------v_ap_bezeichnung_lang
04/04/2020 03:57:27 PM DEBUG ------v_ap_bezeichnung_druck
04/04/2020 03:57:27 PM DEBUG ------v_ap_von
04/04/2020 03:57:27 PM DEBUG ------v_ap_bis
04/04/2020 03:57:27 PM DEBUG ------v_ap_preis
04/04/2020 03:57:27 PM DEBUG ------v_ap_staffel
04/04/2020 03:57:27 PM DEBUG ------v_ap_zonung
04/04/2020 03:57:27 PM DEBUG ------v_sap_preis
04/04/2020 03:57:27 PM DEBUG ------v_sap_ab
04/04/2020 03:57:27 PM DEBUG ------v_sap_bis
04/04/2020 03:57:27 PM DEBUG ------v_spa_bezeichnung
04/04/2020 03:57:27 PM DEBUG ------v_zap_preis
04/04/2020 03:57:27 PM DEBUG ------v_zap_ab
04/04/2020 03:57:27 PM DEBUG ------v_zap_bis
04/04/2020 03:57:27 PM DEBUG ------v_zap_bezeichnung
04/04/2020 03:57:27 PM DEBUG ------v_ap_preisart
04/04/2020 03:57:27 PM DEBUG ------v_ap_preisart_steuer_j_n
04/04/2020 03:57:27 PM DEBUG ------v_ap_preisart_gruppierungsart
04/04/2020 03:57:27 PM DEBUG ------v_ap_pa_bez
04/04/2020 03:57:27 PM DEBUG ------v_ap_ztkp_bez_lt_vertr
04/04/2020 03:57:27 PM DEBUG -----block_arbeitspreis
04/04/2020 03:57:27 PM DEBUG ------objectinfo
04/04/2020 03:57:27 PM DEBUG ------v_ap_bezeichnung
04/04/2020 03:57:27 PM DEBUG ------v_ap_kurzbezeichnung
04/04/2020 03:57:27 PM DEBUG ------v_ap_bezeichnung_lang
04/04/2020 03:57:27 PM DEBUG ------v_ap_bezeichnung_druck
04/04/2020 03:57:27 PM DEBUG ------v_ap_von
04/04/2020 03:57:27 PM DEBUG ------v_ap_bis
04/04/2020 03:57:27 PM DEBUG ------v_ap_preis
04/04/2020 03:57:27 PM DEBUG ------v_ap_staffel
04/04/2020 03:57:27 PM DEBUG ------v_ap_zonung
04/04/2020 03:57:27 PM DEBUG ------v_sap_preis
04/04/2020 03:57:27 PM DEBUG ------v_sap_ab
04/04/2020 03:57:27 PM DEBUG ------v_sap_bis
04/04/2020 03:57:27 PM DEBUG ------v_spa_bezeichnung
04/04/2020 03:57:27 PM DEBUG ------v_zap_preis
04/04/2020 03:57:27 PM DEBUG ------v_zap_ab
04/04/2020 03:57:27 PM DEBUG ------v_zap_bis
04/04/2020 03:57:27 PM DEBUG ------v_zap_bezeichnung
04/04/2020 03:57:27 PM DEBUG ------v_ap_preisart
04/04/2020 03:57:27 PM DEBUG ------v_ap_preisart_steuer_j_n
04/04/2020 03:57:27 PM DEBUG ------v_ap_preisart_kategorie
04/04/2020 03:57:27 PM DEBUG ------v_ap_preisart_gruppierungsart
04/04/2020 03:57:27 PM DEBUG ------v_ap_pa_bez
04/04/2020 03:57:27 PM DEBUG ------v_ap_ztkp_bez_lt_vertr
04/04/2020 03:57:27 PM DEBUG -----block_verrechnungspreis
04/04/2020 03:57:27 PM DEBUG ------objectinfo
04/04/2020 03:57:27 PM DEBUG ------v_vp_bezeichnung
04/04/2020 03:57:27 PM DEBUG ------v_vp_bezeichnung_lang
04/04/2020 03:57:27 PM DEBUG ------v_vp_bezeichnung_druck
04/04/2020 03:57:27 PM DEBUG ------v_vp_bezugszeitraum
04/04/2020 03:57:27 PM DEBUG ------v_hvp_von
04/04/2020 03:57:27 PM DEBUG ------v_hvp_bis
04/04/2020 03:57:27 PM DEBUG ------v_hvp_preis
04/04/2020 03:57:27 PM DEBUG ------v_svp_ab
04/04/2020 03:57:27 PM DEBUG ------v_svp_bis
04/04/2020 03:57:27 PM DEBUG ------v_svp_preis
04/04/2020 03:57:27 PM DEBUG ------v_svp_bezeichnung
04/04/2020 03:57:27 PM DEBUG ------v_vp_preisart
04/04/2020 03:57:27 PM DEBUG ------v_vp_preisart_steuer_j_n
04/04/2020 03:57:27 PM DEBUG ------v_vp_preisart_gruppierungsart
04/04/2020 03:57:27 PM DEBUG ------v_vp_mindestpreis
04/04/2020 03:57:27 PM DEBUG ------v_vp_pa_bez
04/04/2020 03:57:27 PM DEBUG ------v_vp_ztkp_bez_lt_vertr
04/04/2020 03:57:27 PM DEBUG -----block_pauschalpreis
04/04/2020 03:57:27 PM DEBUG ------objectinfo
04/04/2020 03:57:27 PM DEBUG ------p_pp_bezeichnung
04/04/2020 03:57:27 PM DEBUG ------p_pp_kurzbezeichnung
04/04/2020 03:57:27 PM DEBUG ------p_pp_bezeichnung_lang
04/04/2020 03:57:27 PM DEBUG ------p_pp_bezeichnung_druck
04/04/2020 03:57:27 PM DEBUG ------p_pp_bezugszeitraum
04/04/2020 03:57:27 PM DEBUG ------p_hpp_von
04/04/2020 03:57:27 PM DEBUG ------p_hpp_bis
04/04/2020 03:57:27 PM DEBUG ------p_hpp_preis
04/04/2020 03:57:27 PM DEBUG ------p_hpp_staffelpreis_j_n
04/04/2020 03:57:27 PM DEBUG ------p_spp_ab
04/04/2020 03:57:27 PM DEBUG ------p_spp_bis
04/04/2020 03:57:27 PM DEBUG ------p_spp_preis
04/04/2020 03:57:27 PM DEBUG ------p_spp_bezeichnung
04/04/2020 03:57:27 PM DEBUG ------p_pp_mindestpreis
04/04/2020 03:57:27 PM DEBUG ------p_pp_pa_bez
04/04/2020 03:57:27 PM DEBUG ------p_pp_preisart
04/04/2020 03:57:27 PM DEBUG ------p_pp_preisart_ist_steuer
04/04/2020 03:57:27 PM DEBUG ------p_pp_preisart_kategorie
04/04/2020 03:57:27 PM DEBUG ------p_pp_preisart_gruppierungsart
04/04/2020 03:57:27 PM DEBUG ------p_pp_vbrst_parameter_m_f
04/04/2020 03:57:27 PM DEBUG ------p_pp_ztkp_bez_lt_vertr
04/04/2020 03:57:27 PM DEBUG -----block_pauschalpreis
04/04/2020 03:57:27 PM DEBUG ------objectinfo
04/04/2020 03:57:27 PM DEBUG ------p_pp_bezeichnung
04/04/2020 03:57:27 PM DEBUG ------p_pp_kurzbezeichnung
04/04/2020 03:57:27 PM DEBUG ------p_pp_bezeichnung_lang
04/04/2020 03:57:27 PM DEBUG ------p_pp_bezeichnung_druck
04/04/2020 03:57:27 PM DEBUG ------p_pp_bezugszeitraum
04/04/2020 03:57:27 PM DEBUG ------p_hpp_von
04/04/2020 03:57:27 PM DEBUG ------p_hpp_bis
04/04/2020 03:57:27 PM DEBUG ------p_hpp_preis
04/04/2020 03:57:27 PM DEBUG ------p_hpp_staffelpreis_j_n
04/04/2020 03:57:27 PM DEBUG ------p_spp_ab
04/04/2020 03:57:27 PM DEBUG ------p_spp_bis
04/04/2020 03:57:27 PM DEBUG ------p_spp_preis
04/04/2020 03:57:27 PM DEBUG ------p_spp_bezeichnung
04/04/2020 03:57:27 PM DEBUG ------p_pp_mindestpreis
04/04/2020 03:57:27 PM DEBUG ------p_pp_pa_bez
04/04/2020 03:57:27 PM DEBUG ------p_pp_preisart
04/04/2020 03:57:27 PM DEBUG ------p_pp_preisart_ist_steuer
04/04/2020 03:57:27 PM DEBUG ------p_pp_preisart_kategorie
04/04/2020 03:57:27 PM DEBUG ------p_pp_preisart_gruppierungsart
04/04/2020 03:57:27 PM DEBUG ------p_pp_vbrst_parameter_m_f
04/04/2020 03:57:27 PM DEBUG ------p_pp_ztkp_bez_lt_vertr
04/04/2020 03:57:27 PM DEBUG -----block_pauschalpreis
04/04/2020 03:57:27 PM DEBUG ------objectinfo
04/04/2020 03:57:27 PM DEBUG ------p_pp_bezeichnung
04/04/2020 03:57:27 PM DEBUG ------p_pp_kurzbezeichnung
04/04/2020 03:57:27 PM DEBUG ------p_pp_bezeichnung_lang
04/04/2020 03:57:27 PM DEBUG ------p_pp_bezeichnung_druck
04/04/2020 03:57:27 PM DEBUG ------p_pp_bezugszeitraum
04/04/2020 03:57:27 PM DEBUG ------p_hpp_von
04/04/2020 03:57:27 PM DEBUG ------p_hpp_bis
04/04/2020 03:57:27 PM DEBUG ------p_hpp_preis
04/04/2020 03:57:27 PM DEBUG ------p_hpp_staffelpreis_j_n
04/04/2020 03:57:27 PM DEBUG ------p_spp_ab
04/04/2020 03:57:27 PM DEBUG ------p_spp_bis
04/04/2020 03:57:27 PM DEBUG ------p_spp_preis
04/04/2020 03:57:27 PM DEBUG ------p_spp_bezeichnung
04/04/2020 03:57:27 PM DEBUG ------p_pp_mindestpreis
04/04/2020 03:57:27 PM DEBUG ------p_pp_pa_bez
04/04/2020 03:57:27 PM DEBUG ------p_pp_preisart
04/04/2020 03:57:27 PM DEBUG ------p_pp_preisart_ist_steuer
04/04/2020 03:57:27 PM DEBUG ------p_pp_preisart_kategorie
04/04/2020 03:57:27 PM DEBUG ------p_pp_preisart_gruppierungsart
04/04/2020 03:57:27 PM DEBUG ------p_pp_vbrst_parameter_m_f
04/04/2020 03:57:27 PM DEBUG ------p_pp_ztkp_bez_lt_vertr
04/04/2020 03:57:27 PM DEBUG -----block_pauschalpreis
04/04/2020 03:57:27 PM DEBUG ------objectinfo
04/04/2020 03:57:27 PM DEBUG ------p_pp_bezeichnung
04/04/2020 03:57:27 PM DEBUG ------p_pp_kurzbezeichnung
04/04/2020 03:57:27 PM DEBUG ------p_pp_bezeichnung_lang
04/04/2020 03:57:27 PM DEBUG ------p_pp_bezeichnung_druck
04/04/2020 03:57:27 PM DEBUG ------p_pp_bezugszeitraum
04/04/2020 03:57:27 PM DEBUG ------p_hpp_von
04/04/2020 03:57:27 PM DEBUG ------p_hpp_bis
04/04/2020 03:57:27 PM DEBUG ------p_hpp_preis
04/04/2020 03:57:27 PM DEBUG ------p_hpp_staffelpreis_j_n
04/04/2020 03:57:27 PM DEBUG ------p_spp_ab
04/04/2020 03:57:27 PM DEBUG ------p_spp_bis
04/04/2020 03:57:27 PM DEBUG ------p_spp_preis
04/04/2020 03:57:27 PM DEBUG ------p_spp_bezeichnung
04/04/2020 03:57:27 PM DEBUG ------p_pp_mindestpreis
04/04/2020 03:57:27 PM DEBUG ------p_pp_pa_bez
04/04/2020 03:57:27 PM DEBUG ------p_pp_preisart
04/04/2020 03:57:27 PM DEBUG ------p_pp_preisart_ist_steuer
04/04/2020 03:57:27 PM DEBUG ------p_pp_preisart_gruppierungsart
04/04/2020 03:57:27 PM DEBUG ------p_pp_vbrst_parameter_m_f
04/04/2020 03:57:27 PM DEBUG ------p_pp_ztkp_bez_lt_vertr
04/04/2020 03:57:27 PM DEBUG -----block_pauschalpreis
04/04/2020 03:57:27 PM DEBUG ------objectinfo
04/04/2020 03:57:27 PM DEBUG ------p_pp_bezeichnung
04/04/2020 03:57:27 PM DEBUG ------p_pp_kurzbezeichnung
04/04/2020 03:57:27 PM DEBUG ------p_pp_bezeichnung_lang
04/04/2020 03:57:27 PM DEBUG ------p_pp_bezeichnung_druck
04/04/2020 03:57:27 PM DEBUG ------p_pp_bezugszeitraum
04/04/2020 03:57:27 PM DEBUG ------p_hpp_von
04/04/2020 03:57:27 PM DEBUG ------p_hpp_bis
04/04/2020 03:57:27 PM DEBUG ------p_hpp_preis
04/04/2020 03:57:27 PM DEBUG ------p_hpp_staffelpreis_j_n
04/04/2020 03:57:27 PM DEBUG ------p_spp_ab
04/04/2020 03:57:27 PM DEBUG ------p_spp_bis
04/04/2020 03:57:27 PM DEBUG ------p_spp_preis
04/04/2020 03:57:27 PM DEBUG ------p_spp_bezeichnung
04/04/2020 03:57:27 PM DEBUG ------p_pp_mindestpreis
04/04/2020 03:57:27 PM DEBUG ------p_pp_pa_bez
04/04/2020 03:57:27 PM DEBUG ------p_pp_preisart
04/04/2020 03:57:27 PM DEBUG ------p_pp_preisart_ist_steuer
04/04/2020 03:57:27 PM DEBUG ------p_pp_preisart_kategorie
04/04/2020 03:57:27 PM DEBUG ------p_pp_preisart_gruppierungsart
04/04/2020 03:57:27 PM DEBUG ------p_pp_vbrst_parameter_m_f
04/04/2020 03:57:27 PM DEBUG ------p_pp_ztkp_bez_lt_vertr
04/04/2020 03:57:27 PM DEBUG -----block_pauschalpreis
04/04/2020 03:57:27 PM DEBUG ------objectinfo
04/04/2020 03:57:27 PM DEBUG ------p_pp_bezeichnung
04/04/2020 03:57:27 PM DEBUG ------p_pp_kurzbezeichnung
04/04/2020 03:57:27 PM DEBUG ------p_pp_bezeichnung_lang
04/04/2020 03:57:27 PM DEBUG ------p_pp_bezeichnung_druck
04/04/2020 03:57:27 PM DEBUG ------p_pp_bezugszeitraum
04/04/2020 03:57:27 PM DEBUG ------p_hpp_von
04/04/2020 03:57:27 PM DEBUG ------p_hpp_bis
04/04/2020 03:57:27 PM DEBUG ------p_hpp_preis
04/04/2020 03:57:27 PM DEBUG ------p_hpp_staffelpreis_j_n
04/04/2020 03:57:27 PM DEBUG ------p_spp_ab
04/04/2020 03:57:27 PM DEBUG ------p_spp_bis
04/04/2020 03:57:27 PM DEBUG ------p_spp_preis
04/04/2020 03:57:27 PM DEBUG ------p_spp_bezeichnung
04/04/2020 03:57:27 PM DEBUG ------p_pp_mindestpreis
04/04/2020 03:57:27 PM DEBUG ------p_pp_pa_bez
04/04/2020 03:57:27 PM DEBUG ------p_pp_preisart
04/04/2020 03:57:27 PM DEBUG ------p_pp_preisart_ist_steuer
04/04/2020 03:57:27 PM DEBUG ------p_pp_preisart_kategorie
04/04/2020 03:57:27 PM DEBUG ------p_pp_preisart_gruppierungsart
04/04/2020 03:57:27 PM DEBUG ------p_pp_vbrst_parameter_m_f
04/04/2020 03:57:27 PM DEBUG ------p_pp_ztkp_bez_lt_vertr
04/04/2020 03:57:27 PM DEBUG -----block_pauschalpreis
04/04/2020 03:57:27 PM DEBUG ------objectinfo
04/04/2020 03:57:27 PM DEBUG ------p_pp_bezeichnung
04/04/2020 03:57:27 PM DEBUG ------p_pp_kurzbezeichnung
04/04/2020 03:57:27 PM DEBUG ------p_pp_bezeichnung_lang
04/04/2020 03:57:27 PM DEBUG ------p_pp_bezeichnung_druck
04/04/2020 03:57:27 PM DEBUG ------p_pp_bezugszeitraum
04/04/2020 03:57:27 PM DEBUG ------p_hpp_von
04/04/2020 03:57:27 PM DEBUG ------p_hpp_bis
04/04/2020 03:57:27 PM DEBUG ------p_hpp_preis
04/04/2020 03:57:27 PM DEBUG ------p_hpp_staffelpreis_j_n
04/04/2020 03:57:27 PM DEBUG ------p_spp_ab
04/04/2020 03:57:27 PM DEBUG ------p_spp_bis
04/04/2020 03:57:27 PM DEBUG ------p_spp_preis
04/04/2020 03:57:27 PM DEBUG ------p_spp_bezeichnung
04/04/2020 03:57:27 PM DEBUG ------p_pp_mindestpreis
04/04/2020 03:57:27 PM DEBUG ------p_pp_pa_bez
04/04/2020 03:57:27 PM DEBUG ------p_pp_preisart
04/04/2020 03:57:27 PM DEBUG ------p_pp_preisart_ist_steuer
04/04/2020 03:57:27 PM DEBUG ------p_pp_preisart_kategorie
04/04/2020 03:57:27 PM DEBUG ------p_pp_preisart_gruppierungsart
04/04/2020 03:57:27 PM DEBUG ------p_pp_vbrst_parameter_m_f
04/04/2020 03:57:27 PM DEBUG ------p_pp_ztkp_bez_lt_vertr
04/04/2020 03:57:27 PM DEBUG ----block_produktinformation
04/04/2020 03:57:27 PM DEBUG -----objectinfo
04/04/2020 03:57:27 PM DEBUG -----v_crm_preisbindung
04/04/2020 03:57:27 PM DEBUG -----v_crm_preisankuendigung
04/04/2020 03:57:27 PM DEBUG -----v_crm_datum_von
04/04/2020 03:57:27 PM DEBUG -----v_crm_jahresbetrag
04/04/2020 03:57:27 PM DEBUG -----v_crm_abschlag_brutto
04/04/2020 03:57:27 PM DEBUG -----v_crm_jahresverbrauch
04/04/2020 03:57:27 PM DEBUG -----v_crm_jahresverbrauch_nb
04/04/2020 03:57:27 PM DEBUG -----v_crm_jahresbetrag_kunde
04/04/2020 03:57:27 PM DEBUG -----v_crm_abschlag_brutto_kunde
04/04/2020 03:57:27 PM DEBUG -----v_crm_jahresverbrauch_kunde
04/04/2020 03:57:27 PM DEBUG -----v_crm_prod_art
04/04/2020 03:57:27 PM DEBUG -----v_crm_prod_jv_von
04/04/2020 03:57:27 PM DEBUG -----v_crm_prod_jv_bis
04/04/2020 03:57:27 PM DEBUG -----v_crm_prod_preisgarantie
04/04/2020 03:57:27 PM DEBUG -----v_crm_prod_preisankuendig
04/04/2020 03:57:27 PM DEBUG -----v_crm_prod_preisankuendig_me
04/04/2020 03:57:27 PM DEBUG -----v_crm_prod_kundengruppe_kat
04/04/2020 03:57:27 PM DEBUG -----v_crm_prod_produktart
04/04/2020 03:57:27 PM DEBUG -----v_crm_prod_formularbez
04/04/2020 03:57:27 PM DEBUG -----v_crm_mt_gln
04/04/2020 03:57:27 PM DEBUG -----v_crm_mt_kurz
04/04/2020 03:57:27 PM DEBUG -----block_preisvariablen
04/04/2020 03:57:27 PM DEBUG ------objectinfo
04/04/2020 03:57:27 PM DEBUG ------v_pva_bezeichnung
04/04/2020 03:57:27 PM DEBUG ------v_pva_preiskomponente
04/04/2020 03:57:27 PM DEBUG ------v_pva_kategorie
04/04/2020 03:57:27 PM DEBUG ------v_pva_betrag_netto
04/04/2020 03:57:27 PM DEBUG ------v_pva_betrag_brutto
04/04/2020 03:57:27 PM DEBUG ------v_pva_sb_auszahlung_mit_rechnung
04/04/2020 03:57:27 PM DEBUG -----block_preisvariablen
04/04/2020 03:57:27 PM DEBUG ------objectinfo
04/04/2020 03:57:27 PM DEBUG ------v_pva_bezeichnung
04/04/2020 03:57:27 PM DEBUG ------v_pva_preiskomponente
04/04/2020 03:57:27 PM DEBUG ------v_pva_kategorie
04/04/2020 03:57:27 PM DEBUG ------v_pva_betrag_netto
04/04/2020 03:57:27 PM DEBUG ------v_pva_betrag_brutto
04/04/2020 03:57:27 PM DEBUG ------v_pva_sb_auszahlung_mit_rechnung
04/04/2020 03:57:27 PM DEBUG -----block_angebotsvorgang
04/04/2020 03:57:27 PM DEBUG ------objectinfo
04/04/2020 03:57:27 PM DEBUG ------block_angebotszaehler
04/04/2020 03:57:27 PM DEBUG -------objectinfo
04/04/2020 03:57:27 PM DEBUG -------v_crm_vm_zaehler_nr
04/04/2020 03:57:27 PM DEBUG ----block_cs_evi_adressen
04/04/2020 03:57:27 PM DEBUG -----objectinfo
04/04/2020 03:57:27 PM DEBUG -----an_name1
04/04/2020 03:57:27 PM DEBUG -----an_name2
04/04/2020 03:57:27 PM DEBUG -----an_ort
04/04/2020 03:57:27 PM DEBUG -----an_plz
04/04/2020 03:57:27 PM DEBUG -----an_lkz
04/04/2020 03:57:27 PM DEBUG -----an_strasse
04/04/2020 03:57:27 PM DEBUG -----an_hausnummer
04/04/2020 03:57:27 PM DEBUG -----an_anrede_brief
04/04/2020 03:57:27 PM DEBUG --ende
04/04/2020 03:57:27 PM DEBUG ---erstellung_ende_datum
04/04/2020 03:57:27 PM DEBUG ---erstellung_ende_uhr
04/04/2020 03:57:27 PM DEBUG ---anzahl_dokumente
04/04/2020 03:57:27 PM DEBUG ---betrag_summe
